[ 2018-07-06T10:15:48+08:00 ] ::1 /index.php/Admin/Login/login
INFO: [ app_init ] --START--
INFO: Run Behavior\BuildLiteBehavior [ RunTime:0.000000s ]
INFO: [ app_init ] --END-- [ RunTime:0.001000s ]
INFO: [ app_begin ] --START--
INFO: Run Behavior\ReadHtmlCacheBehavior [ RunTime:0.001000s ]
INFO: [ app_begin ] --END-- [ RunTime:0.001000s ]
NOTIC: [8] Undefined index: id E:\PHP\treasure\Application\Admin\Controller\BaseController.class.php 第 32 行.
SQL: SHOW COLUMNS FROM `auth_group_access` [ RunTime:0.0040s ]
SQL: SELECT `uid`,`group_id`,`title`,`rules` FROM auth_group_access a INNER JOIN auth_group g on a.group_id=g.id  WHERE ( a.uid='1' and g.status='1' )  [ RunTime:0.0010s ]
SQL: SHOW COLUMNS FROM `auth_rule` [ RunTime:0.0040s ]
ERR: 1054:Unknown column 'parent_id' in 'field list'
 [ SQL语句 ] : SELECT `id`,`name`,`title`,`parent_id` FROM `auth_rule` WHERE ( show_status=1 ) ORDER BY sort DESC,id ASC 
ERR: 1054:Unknown column 'parent_id' in 'field list'
 [ SQL语句 ] : SELECT `id`,`name`,`title`,`parent_id` FROM `auth_rule` WHERE ( show_status=1 ) ORDER BY sort DESC,id ASC 

[ 2018-07-06T10:19:36+08:00 ] ::1 /index.php/Admin/Login/login
INFO: [ app_init ] --START--
INFO: Run Behavior\BuildLiteBehavior [ RunTime:0.000000s ]
INFO: [ app_init ] --END-- [ RunTime:0.001000s ]
INFO: [ app_begin ] --START--
INFO: Run Behavior\ReadHtmlCacheBehavior [ RunTime:0.001000s ]
INFO: [ app_begin ] --END-- [ RunTime:0.001000s ]
NOTIC: [8] Undefined index: id E:\PHP\treasure\Application\Admin\Controller\BaseController.class.php 第 32 行.
SQL: SHOW COLUMNS FROM `auth_group_access` [ RunTime:0.0060s ]
SQL: SELECT `uid`,`group_id`,`title`,`rules` FROM auth_group_access a INNER JOIN auth_group g on a.group_id=g.id  WHERE ( a.uid='1' and g.status='1' )  [ RunTime:0.0010s ]

[ 2018-07-06T10:35:57+08:00 ] ::1 /index.php/Admin/Login/login
INFO: [ app_init ] --START--
INFO: Run Behavior\BuildLiteBehavior [ RunTime:0.000000s ]
INFO: [ app_init ] --END-- [ RunTime:0.000000s ]
INFO: [ app_begin ] --START--
INFO: Run Behavior\ReadHtmlCacheBehavior [ RunTime:0.001000s ]
INFO: [ app_begin ] --END-- [ RunTime:0.001000s ]
NOTIC: [8] Undefined index: id E:\PHP\treasure\Application\Admin\Controller\BaseController.class.php 第 32 行.
SQL: SHOW COLUMNS FROM `auth_group_access` [ RunTime:0.0030s ]
SQL: SELECT `uid`,`group_id`,`title`,`rules` FROM auth_group_access a INNER JOIN auth_group g on a.group_id=g.id  WHERE ( a.uid='1' and g.status='1' )  [ RunTime:0.0000s ]
SQL: SHOW COLUMNS FROM `auth_rule` [ RunTime:0.0100s ]
ERR: 1054:Unknown column 'sort' in 'order clause'
 [ SQL语句 ] : SELECT `id`,`name`,`title`,`parent_id` FROM `auth_rule` WHERE ( show_status=1 ) ORDER BY sort DESC,id ASC 
ERR: 1054:Unknown column 'sort' in 'order clause'
 [ SQL语句 ] : SELECT `id`,`name`,`title`,`parent_id` FROM `auth_rule` WHERE ( show_status=1 ) ORDER BY sort DESC,id ASC 

[ 2018-07-06T10:36:09+08:00 ] ::1 /index.php/Admin/Login/login
INFO: [ app_init ] --START--
INFO: Run Behavior\BuildLiteBehavior [ RunTime:0.000000s ]
INFO: [ app_init ] --END-- [ RunTime:0.001000s ]
INFO: [ app_begin ] --START--
INFO: Run Behavior\ReadHtmlCacheBehavior [ RunTime:0.001000s ]
INFO: [ app_begin ] --END-- [ RunTime:0.002000s ]
NOTIC: [8] Undefined index: id E:\PHP\treasure\Application\Admin\Controller\BaseController.class.php 第 32 行.
SQL: SHOW COLUMNS FROM `auth_group_access` [ RunTime:0.0030s ]
SQL: SELECT `uid`,`group_id`,`title`,`rules` FROM auth_group_access a INNER JOIN auth_group g on a.group_id=g.id  WHERE ( a.uid='1' and g.status='1' )  [ RunTime:0.0000s ]
SQL: SHOW COLUMNS FROM `auth_rule` [ RunTime:0.0150s ]
ERR: 1054:Unknown column 'sort' in 'order clause'
 [ SQL语句 ] : SELECT `id`,`name`,`title`,`parent_id` FROM `auth_rule` WHERE ( show_status=1 ) ORDER BY sort DESC,id ASC 

[ 2018-07-06T10:38:16+08:00 ] ::1 /index.php/Admin/Login/login
INFO: [ app_init ] --START--
INFO: Run Behavior\BuildLiteBehavior [ RunTime:0.000000s ]
INFO: [ app_init ] --END-- [ RunTime:0.000000s ]
INFO: [ app_begin ] --START--
INFO: Run Behavior\ReadHtmlCacheBehavior [ RunTime:0.001000s ]
INFO: [ app_begin ] --END-- [ RunTime:0.001000s ]
NOTIC: [8] Undefined index: id E:\PHP\treasure\Application\Admin\Controller\BaseController.class.php 第 32 行.
SQL: SHOW COLUMNS FROM `auth_group_access` [ RunTime:0.0030s ]
SQL: SELECT `uid`,`group_id`,`title`,`rules` FROM auth_group_access a INNER JOIN auth_group g on a.group_id=g.id  WHERE ( a.uid='1' and g.status='1' )  [ RunTime:0.0000s ]
SQL: SHOW COLUMNS FROM `auth_rule` [ RunTime:0.0110s ]
SQL: SELECT `id`,`name`,`title`,`parent_id` FROM `auth_rule` WHERE ( show_status=1 ) ORDER BY sort DESC,id ASC  [ RunTime:0.0000s ]
ERR: 模板不存在:./Application/Admin/View/Login/login.html

[ 2018-07-06T10:38:33+08:00 ] ::1 /index.php/Admin/Login/login
INFO: [ app_init ] --START--
INFO: Run Behavior\BuildLiteBehavior [ RunTime:0.001000s ]
INFO: [ app_init ] --END-- [ RunTime:0.002000s ]
INFO: [ app_begin ] --START--
INFO: Run Behavior\ReadHtmlCacheBehavior [ RunTime:0.000000s ]
INFO: [ app_begin ] --END-- [ RunTime:0.002000s ]
NOTIC: [8] Undefined index: id E:\PHP\treasure\Application\Admin\Controller\BaseController.class.php 第 32 行.
SQL: SHOW COLUMNS FROM `auth_group_access` [ RunTime:0.0030s ]
SQL: SELECT `uid`,`group_id`,`title`,`rules` FROM auth_group_access a INNER JOIN auth_group g on a.group_id=g.id  WHERE ( a.uid='1' and g.status='1' )  [ RunTime:0.0000s ]
SQL: SHOW COLUMNS FROM `auth_rule` [ RunTime:0.0030s ]
SQL: SELECT `id`,`name`,`title`,`parent_id` FROM `auth_rule` WHERE ( show_status=1 ) ORDER BY sort DESC,id ASC  [ RunTime:0.0000s ]
ERR: 模板不存在:./Application/Admin/View/Login/login.html

[ 2018-07-06T10:38:34+08:00 ] ::1 /index.php/Admin/Login/login
INFO: [ app_init ] --START--
INFO: Run Behavior\BuildLiteBehavior [ RunTime:0.000000s ]
INFO: [ app_init ] --END-- [ RunTime:0.001000s ]
INFO: [ app_begin ] --START--
INFO: Run Behavior\ReadHtmlCacheBehavior [ RunTime:0.001000s ]
INFO: [ app_begin ] --END-- [ RunTime:0.002000s ]
NOTIC: [8] Undefined index: id E:\PHP\treasure\Application\Admin\Controller\BaseController.class.php 第 32 行.
SQL: SHOW COLUMNS FROM `auth_group_access` [ RunTime:0.0030s ]
SQL: SELECT `uid`,`group_id`,`title`,`rules` FROM auth_group_access a INNER JOIN auth_group g on a.group_id=g.id  WHERE ( a.uid='1' and g.status='1' )  [ RunTime:0.0000s ]
SQL: SHOW COLUMNS FROM `auth_rule` [ RunTime:0.0020s ]
SQL: SELECT `id`,`name`,`title`,`parent_id` FROM `auth_rule` WHERE ( show_status=1 ) ORDER BY sort DESC,id ASC  [ RunTime:0.0000s ]
ERR: 模板不存在:./Application/Admin/View/Login/login.html

[ 2018-07-06T10:44:01+08:00 ] ::1 /index.php/Admin/Login/login
INFO: [ app_init ] --START--
INFO: Run Behavior\BuildLiteBehavior [ RunTime:0.000000s ]
INFO: [ app_init ] --END-- [ RunTime:0.001000s ]
INFO: [ app_begin ] --START--
INFO: Run Behavior\ReadHtmlCacheBehavior [ RunTime:0.001000s ]
INFO: [ app_begin ] --END-- [ RunTime:0.001000s ]
NOTIC: [8] Undefined index: id E:\PHP\treasure\Application\Admin\Controller\BaseController.class.php 第 32 行.
SQL: SHOW COLUMNS FROM `auth_group_access` [ RunTime:0.0120s ]
SQL: SELECT `uid`,`group_id`,`title`,`rules` FROM auth_group_access a INNER JOIN auth_group g on a.group_id=g.id  WHERE ( a.uid='1' and g.status='1' )  [ RunTime:0.0010s ]
SQL: SHOW COLUMNS FROM `auth_rule` [ RunTime:0.0120s ]
SQL: SELECT `id`,`name`,`title`,`parent_id` FROM `auth_rule` WHERE ( show_status=1 ) ORDER BY sort DESC,id ASC  [ RunTime:0.0000s ]
ERR: 模板不存在:./Application/Admin/View/Login/login.html

[ 2018-07-06T10:44:02+08:00 ] ::1 /index.php/Admin/Login/login
INFO: [ app_init ] --START--
INFO: Run Behavior\BuildLiteBehavior [ RunTime:0.001000s ]
INFO: [ app_init ] --END-- [ RunTime:0.001000s ]
INFO: [ app_begin ] --START--
INFO: Run Behavior\ReadHtmlCacheBehavior [ RunTime:0.001001s ]
INFO: [ app_begin ] --END-- [ RunTime:0.001001s ]
NOTIC: [8] Undefined index: id E:\PHP\treasure\Application\Admin\Controller\BaseController.class.php 第 32 行.
SQL: SHOW COLUMNS FROM `auth_group_access` [ RunTime:0.0070s ]
SQL: SELECT `uid`,`group_id`,`title`,`rules` FROM auth_group_access a INNER JOIN auth_group g on a.group_id=g.id  WHERE ( a.uid='1' and g.status='1' )  [ RunTime:0.0000s ]
SQL: SHOW COLUMNS FROM `auth_rule` [ RunTime:0.0070s ]
SQL: SELECT `id`,`name`,`title`,`parent_id` FROM `auth_rule` WHERE ( show_status=1 ) ORDER BY sort DESC,id ASC  [ RunTime:0.0000s ]
ERR: 模板不存在:./Application/Admin/View/Login/login.html

[ 2018-07-06T10:44:03+08:00 ] ::1 /index.php/Admin/Login/login
INFO: [ app_init ] --START--
INFO: Run Behavior\BuildLiteBehavior [ RunTime:0.000000s ]
INFO: [ app_init ] --END-- [ RunTime:0.001000s ]
INFO: [ app_begin ] --START--
INFO: Run Behavior\ReadHtmlCacheBehavior [ RunTime:0.001000s ]
INFO: [ app_begin ] --END-- [ RunTime:0.001000s ]
NOTIC: [8] Undefined index: id E:\PHP\treasure\Application\Admin\Controller\BaseController.class.php 第 32 行.
SQL: SHOW COLUMNS FROM `auth_group_access` [ RunTime:0.0070s ]
SQL: SELECT `uid`,`group_id`,`title`,`rules` FROM auth_group_access a INNER JOIN auth_group g on a.group_id=g.id  WHERE ( a.uid='1' and g.status='1' )  [ RunTime:0.0000s ]
SQL: SHOW COLUMNS FROM `auth_rule` [ RunTime:0.0060s ]
SQL: SELECT `id`,`name`,`title`,`parent_id` FROM `auth_rule` WHERE ( show_status=1 ) ORDER BY sort DESC,id ASC  [ RunTime:0.0010s ]
ERR: 模板不存在:./Application/Admin/View/Login/login.html

[ 2018-07-06T10:53:29+08:00 ] ::1 /index.php/Admin/Login/login
INFO: [ app_init ] --START--
INFO: Run Behavior\BuildLiteBehavior [ RunTime:0.000000s ]
INFO: [ app_init ] --END-- [ RunTime:0.001000s ]
INFO: [ app_begin ] --START--
INFO: Run Behavior\ReadHtmlCacheBehavior [ RunTime:0.000000s ]
INFO: [ app_begin ] --END-- [ RunTime:0.000000s ]
NOTIC: [8] Undefined index: id E:\PHP\treasure\Application\Admin\Controller\BaseController.class.php 第 32 行.
SQL: SHOW COLUMNS FROM `auth_group_access` [ RunTime:0.0060s ]
SQL: SELECT `uid`,`group_id`,`title`,`rules` FROM auth_group_access a INNER JOIN auth_group g on a.group_id=g.id  WHERE ( a.uid='1' and g.status='1' )  [ RunTime:0.0000s ]
SQL: SHOW COLUMNS FROM `auth_rule` [ RunTime:0.0060s ]
SQL: SELECT `id`,`name`,`title`,`parent_id` FROM `auth_rule` WHERE ( show_status=1 ) ORDER BY sort DESC,id ASC  [ RunTime:0.0000s ]
INFO: [ view_parse ] --START--
INFO: [ template_filter ] --START--
INFO: Run Behavior\ContentReplaceBehavior [ RunTime:0.000000s ]
INFO: [ template_filter ] --END-- [ RunTime:0.000000s ]
INFO: Run Behavior\ParseTemplateBehavior [ RunTime:0.028000s ]
INFO: [ view_parse ] --END-- [ RunTime:0.028000s ]
INFO: [ view_filter ] --START--
INFO: Run Behavior\WriteHtmlCacheBehavior [ RunTime:0.000000s ]
INFO: [ view_filter ] --END-- [ RunTime:0.000000s ]
INFO: [ app_end ] --START--
INFO: Run Behavior\ShowPageTraceBehavior [ RunTime:0.001000s ]
INFO: [ app_end ] --END-- [ RunTime:0.001000s ]

[ 2018-07-06T10:53:30+08:00 ] ::1 /index.php/Admin/Login/css/bootstrap-admin-theme.css
INFO: [ app_init ] --START--
INFO: Run Behavior\BuildLiteBehavior [ RunTime:0.000000s ]
INFO: [ app_init ] --END-- [ RunTime:0.001000s ]
INFO: [ app_begin ] --START--
INFO: Run Behavior\ReadHtmlCacheBehavior [ RunTime:0.001000s ]
INFO: [ app_begin ] --END-- [ RunTime:0.001000s ]
NOTIC: [8] Undefined index: id E:\PHP\treasure\Application\Admin\Controller\BaseController.class.php 第 32 行.
SQL: SHOW COLUMNS FROM `auth_group_access` [ RunTime:0.0070s ]
SQL: SELECT `uid`,`group_id`,`title`,`rules` FROM auth_group_access a INNER JOIN auth_group g on a.group_id=g.id  WHERE ( a.uid='1' and g.status='1' )  [ RunTime:0.0000s ]
SQL: SHOW COLUMNS FROM `auth_rule` [ RunTime:0.0060s ]
SQL: SELECT `id`,`name`,`title`,`parent_id` FROM `auth_rule` WHERE ( show_status=1 ) ORDER BY sort DESC,id ASC  [ RunTime:0.0010s ]
INFO: [ app_end ] --START--
INFO: Run Behavior\ShowPageTraceBehavior [ RunTime:0.001000s ]
INFO: [ app_end ] --END-- [ RunTime:0.001000s ]

[ 2018-07-06T10:53:30+08:00 ] ::1 /index.php/Admin/Login/js/bootstrap.min.js
INFO: [ app_init ] --START--
INFO: Run Behavior\BuildLiteBehavior [ RunTime:0.000000s ]
INFO: [ app_init ] --END-- [ RunTime:0.000000s ]
INFO: [ app_begin ] --START--
INFO: Run Behavior\ReadHtmlCacheBehavior [ RunTime:0.001000s ]
INFO: [ app_begin ] --END-- [ RunTime:0.001000s ]
NOTIC: [8] Undefined index: id E:\PHP\treasure\Application\Admin\Controller\BaseController.class.php 第 32 行.
SQL: SHOW COLUMNS FROM `auth_group_access` [ RunTime:0.0060s ]
SQL: SELECT `uid`,`group_id`,`title`,`rules` FROM auth_group_access a INNER JOIN auth_group g on a.group_id=g.id  WHERE ( a.uid='1' and g.status='1' )  [ RunTime:0.0000s ]
SQL: SHOW COLUMNS FROM `auth_rule` [ RunTime:0.0070s ]
SQL: SELECT `id`,`name`,`title`,`parent_id` FROM `auth_rule` WHERE ( show_status=1 ) ORDER BY sort DESC,id ASC  [ RunTime:0.0000s ]
INFO: [ app_end ] --START--
INFO: Run Behavior\ShowPageTraceBehavior [ RunTime:0.000000s ]
INFO: [ app_end ] --END-- [ RunTime:0.000000s ]

[ 2018-07-06T10:53:30+08:00 ] ::1 /index.php/Admin/Login/css/bootstrap.min.css
INFO: [ app_init ] --START--
INFO: Run Behavior\BuildLiteBehavior [ RunTime:0.000000s ]
INFO: [ app_init ] --END-- [ RunTime:0.000000s ]
INFO: [ app_begin ] --START--
INFO: Run Behavior\ReadHtmlCacheBehavior [ RunTime:0.000000s ]
INFO: [ app_begin ] --END-- [ RunTime:0.000000s ]
NOTIC: [8] Undefined index: id E:\PHP\treasure\Application\Admin\Controller\BaseController.class.php 第 32 行.
SQL: SHOW COLUMNS FROM `auth_group_access` [ RunTime:0.0070s ]
SQL: SELECT `uid`,`group_id`,`title`,`rules` FROM auth_group_access a INNER JOIN auth_group g on a.group_id=g.id  WHERE ( a.uid='1' and g.status='1' )  [ RunTime:0.0000s ]
SQL: SHOW COLUMNS FROM `auth_rule` [ RunTime:0.0060s ]
SQL: SELECT `id`,`name`,`title`,`parent_id` FROM `auth_rule` WHERE ( show_status=1 ) ORDER BY sort DESC,id ASC  [ RunTime:0.0000s ]
INFO: [ app_end ] --START--
INFO: Run Behavior\ShowPageTraceBehavior [ RunTime:0.000000s ]
INFO: [ app_end ] --END-- [ RunTime:0.001000s ]

[ 2018-07-06T10:53:30+08:00 ] ::1 /index.php/Admin/Login/css/bootstrap-theme.min.css
INFO: [ app_init ] --START--
INFO: Run Behavior\BuildLiteBehavior [ RunTime:0.000000s ]
INFO: [ app_init ] --END-- [ RunTime:0.001000s ]
INFO: [ app_begin ] --START--
INFO: Run Behavior\ReadHtmlCacheBehavior [ RunTime:0.001000s ]
INFO: [ app_begin ] --END-- [ RunTime:0.001000s ]
NOTIC: [8] Undefined index: id E:\PHP\treasure\Application\Admin\Controller\BaseController.class.php 第 32 行.
SQL: SHOW COLUMNS FROM `auth_group_access` [ RunTime:0.0070s ]
SQL: SELECT `uid`,`group_id`,`title`,`rules` FROM auth_group_access a INNER JOIN auth_group g on a.group_id=g.id  WHERE ( a.uid='1' and g.status='1' )  [ RunTime:0.0000s ]
SQL: SHOW COLUMNS FROM `auth_rule` [ RunTime:0.0060s ]
SQL: SELECT `id`,`name`,`title`,`parent_id` FROM `auth_rule` WHERE ( show_status=1 ) ORDER BY sort DESC,id ASC  [ RunTime:0.0000s ]
INFO: [ app_end ] --START--
INFO: Run Behavior\ShowPageTraceBehavior [ RunTime:0.001000s ]
INFO: [ app_end ] --END-- [ RunTime:0.001000s ]

[ 2018-07-06T16:29:05+08:00 ] ::1 /index.php/Login/login.html
ERR: syntax error, unexpected '}'

[ 2018-07-06T16:34:57+08:00 ] ::1 /index.php/Login/login.html
ERR: Too few arguments to function Admin\Controller\LoginController::check_verify(), 0 passed in E:\PHP\treasure\Application\Admin\Controller\LoginController.class.php on line 42 and at least 1 expected

[ 2018-07-06T16:37:23+08:00 ] ::1 /index.php/Login/login.html
ERR: Too few arguments to function Admin\Controller\LoginController::check_verify(), 0 passed in E:\PHP\treasure\Application\Admin\Controller\LoginController.class.php on line 43 and at least 1 expected

