[ 2018-08-24T10:32:58+08:00 ] ::1 /U('login/resetPsw')
INFO: [ app_begin ] --START--
INFO: Run Behavior\ReadHtmlCacheBehavior [ RunTime:0.002000s ]
INFO: [ app_begin ] --END-- [ RunTime:0.004001s ]
SQL: SHOW COLUMNS FROM `auth_group_access` [ RunTime:0.0130s ]
SQL: SELECT `uid`,`group_id`,`title`,`rules` FROM auth_group_access a INNER JOIN auth_group g on a.group_id=g.id  WHERE ( a.uid='1' and g.status='1' )  [ RunTime:0.0010s ]
SQL: SHOW COLUMNS FROM `auth_rule` [ RunTime:0.0130s ]
SQL: SELECT `id`,`name`,`title`,`parent_id` FROM `auth_rule` WHERE ( show_status=1 ) ORDER BY sort DESC  [ RunTime:0.0000s ]
INFO: [ view_parse ] --START--
INFO: [ template_filter ] --START--
INFO: Run Behavior\ContentReplaceBehavior [ RunTime:0.000000s ]
INFO: [ template_filter ] --END-- [ RunTime:0.000000s ]
INFO: Run Behavior\ParseTemplateBehavior [ RunTime:0.012001s ]
INFO: [ view_parse ] --END-- [ RunTime:0.012001s ]
INFO: [ view_filter ] --START--
INFO: Run Behavior\WriteHtmlCacheBehavior [ RunTime:0.001000s ]
INFO: [ view_filter ] --END-- [ RunTime:0.001000s ]
INFO: [ app_end ] --START--
INFO: Run Behavior\ShowPageTraceBehavior [ RunTime:0.001000s ]
INFO: [ app_end ] --END-- [ RunTime:0.001000s ]

[ 2018-08-24T10:33:12+08:00 ] ::1 /index.php/Auth/U('login/resetPsw')
INFO: [ app_begin ] --START--
INFO: Run Behavior\ReadHtmlCacheBehavior [ RunTime:0.001000s ]
INFO: [ app_begin ] --END-- [ RunTime:0.003000s ]
SQL: SHOW COLUMNS FROM `auth_group_access` [ RunTime:0.0110s ]
SQL: SELECT `uid`,`group_id`,`title`,`rules` FROM auth_group_access a INNER JOIN auth_group g on a.group_id=g.id  WHERE ( a.uid='1' and g.status='1' )  [ RunTime:0.0010s ]
SQL: SHOW COLUMNS FROM `auth_rule` [ RunTime:0.0110s ]
SQL: SELECT `id`,`name`,`title`,`parent_id` FROM `auth_rule` WHERE ( show_status=1 ) ORDER BY sort DESC  [ RunTime:0.0010s ]
INFO: [ view_parse ] --START--
INFO: [ template_filter ] --START--
INFO: Run Behavior\ContentReplaceBehavior [ RunTime:0.001000s ]
INFO: [ template_filter ] --END-- [ RunTime:0.001000s ]
INFO: Run Behavior\ParseTemplateBehavior [ RunTime:0.010001s ]
INFO: [ view_parse ] --END-- [ RunTime:0.010001s ]
INFO: [ view_filter ] --START--
INFO: Run Behavior\WriteHtmlCacheBehavior [ RunTime:0.001000s ]
INFO: [ view_filter ] --END-- [ RunTime:0.001000s ]
INFO: [ app_end ] --START--
INFO: Run Behavior\ShowPageTraceBehavior [ RunTime:0.001000s ]
INFO: [ app_end ] --END-- [ RunTime:0.001000s ]

[ 2018-08-24T10:33:32+08:00 ] ::1 /index.php/login/resetPsw.html
INFO: [ app_begin ] --START--
INFO: Run Behavior\ReadHtmlCacheBehavior [ RunTime:0.002000s ]
INFO: [ app_begin ] --END-- [ RunTime:0.003001s ]
SQL: SHOW COLUMNS FROM `auth_group_access` [ RunTime:0.0160s ]
SQL: SELECT `uid`,`group_id`,`title`,`rules` FROM auth_group_access a INNER JOIN auth_group g on a.group_id=g.id  WHERE ( a.uid='1' and g.status='1' )  [ RunTime:0.0000s ]
SQL: SHOW COLUMNS FROM `auth_rule` [ RunTime:0.0180s ]
SQL: SELECT `id`,`name`,`title`,`parent_id` FROM `auth_rule` WHERE ( show_status=1 ) ORDER BY sort DESC  [ RunTime:0.0000s ]
INFO: [ app_end ] --START--
INFO: Run Behavior\ShowPageTraceBehavior [ RunTime:0.002000s ]
INFO: [ app_end ] --END-- [ RunTime:0.002000s ]

[ 2018-08-24T10:34:39+08:00 ] ::1 /index.php/login/resetPsw.html
INFO: [ app_begin ] --START--
INFO: Run Behavior\ReadHtmlCacheBehavior [ RunTime:0.001000s ]
INFO: [ app_begin ] --END-- [ RunTime:0.001000s ]
SQL: SHOW COLUMNS FROM `auth_group_access` [ RunTime:0.0060s ]
SQL: SELECT `uid`,`group_id`,`title`,`rules` FROM auth_group_access a INNER JOIN auth_group g on a.group_id=g.id  WHERE ( a.uid='1' and g.status='1' )  [ RunTime:0.0000s ]
SQL: SHOW COLUMNS FROM `auth_rule` [ RunTime:0.0080s ]
SQL: SELECT `id`,`name`,`title`,`parent_id` FROM `auth_rule` WHERE ( show_status=1 ) ORDER BY sort DESC  [ RunTime:0.0000s ]

[ 2018-08-24T11:58:30+08:00 ] ::1 /index.php/login/resetPsw.html
INFO: [ app_begin ] --START--
INFO: Run Behavior\ReadHtmlCacheBehavior [ RunTime:0.000000s ]
INFO: [ app_begin ] --END-- [ RunTime:0.001000s ]
SQL: SHOW COLUMNS FROM `auth_group_access` [ RunTime:0.0060s ]
SQL: SELECT `uid`,`group_id`,`title`,`rules` FROM auth_group_access a INNER JOIN auth_group g on a.group_id=g.id  WHERE ( a.uid='1' and g.status='1' )  [ RunTime:0.0000s ]
SQL: SHOW COLUMNS FROM `auth_rule` [ RunTime:0.0070s ]
SQL: SELECT `id`,`name`,`title`,`parent_id` FROM `auth_rule` WHERE ( show_status=1 ) ORDER BY sort DESC  [ RunTime:0.0010s ]

[ 2018-08-24T12:30:07+08:00 ] ::1 /index.php/login/resetPsw.html
INFO: [ app_begin ] --START--
INFO: Run Behavior\ReadHtmlCacheBehavior [ RunTime:0.002000s ]
INFO: [ app_begin ] --END-- [ RunTime:0.004000s ]
SQL: SHOW COLUMNS FROM `auth_group_access` [ RunTime:0.0100s ]
SQL: SELECT `uid`,`group_id`,`title`,`rules` FROM auth_group_access a INNER JOIN auth_group g on a.group_id=g.id  WHERE ( a.uid='1' and g.status='1' )  [ RunTime:0.0000s ]
SQL: SHOW COLUMNS FROM `auth_rule` [ RunTime:0.0100s ]
SQL: SELECT `id`,`name`,`title`,`parent_id` FROM `auth_rule` WHERE ( show_status=1 ) ORDER BY sort DESC  [ RunTime:0.0010s ]

[ 2018-08-24T13:47:35+08:00 ] ::1 /index.php/login/resetPsw.html
INFO: [ app_begin ] --START--
INFO: Run Behavior\ReadHtmlCacheBehavior [ RunTime:0.001000s ]
INFO: [ app_begin ] --END-- [ RunTime:0.002000s ]
ERR: syntax error, unexpected '$this' (T_VARIABLE)

[ 2018-08-24T13:47:49+08:00 ] ::1 /index.php/login/resetPsw.html
INFO: [ app_begin ] --START--
INFO: Run Behavior\ReadHtmlCacheBehavior [ RunTime:0.001001s ]
INFO: [ app_begin ] --END-- [ RunTime:0.002001s ]
ERR: syntax error, unexpected '$this' (T_VARIABLE)

[ 2018-08-24T13:53:26+08:00 ] ::1 /index.php/login/resetPsw.html
INFO: [ app_begin ] --START--
INFO: Run Behavior\ReadHtmlCacheBehavior [ RunTime:0.001000s ]
INFO: [ app_begin ] --END-- [ RunTime:0.002000s ]
SQL: SHOW COLUMNS FROM `auth_group_access` [ RunTime:0.0110s ]
SQL: SELECT `uid`,`group_id`,`title`,`rules` FROM auth_group_access a INNER JOIN auth_group g on a.group_id=g.id  WHERE ( a.uid='1' and g.status='1' )  [ RunTime:0.0010s ]
SQL: SHOW COLUMNS FROM `auth_rule` [ RunTime:0.0110s ]
SQL: SELECT `id`,`name`,`title`,`parent_id` FROM `auth_rule` WHERE ( show_status=1 ) ORDER BY sort DESC  [ RunTime:0.0010s ]

[ 2018-08-24T14:31:26+08:00 ] ::1 /index.php/Index/index.html
ERR: 1146:Table 'blank.index' doesn't exist
 [ SQL语句 ] : SHOW COLUMNS FROM `index`

[ 2018-08-24T14:32:46+08:00 ] ::1 /index.php/Index/index.html
ERR: 1146:Table 'blank.index' doesn't exist
 [ SQL语句 ] : SHOW COLUMNS FROM `index`

